<?xml version="1.0" encoding="utf-8"?><testsuites name="pytest tests"><testsuite name="pytest" errors="0" failures="0" skipped="0" tests="8" time="26.703" timestamp="2026-09-16T12:21:11.276674+00:00" hostname="agent-env-1ef3fdc6-b9fa-40ef-82c9-f06f50a7b0a8"><testcase classname="tests.backend_test" name="test_root" time="0.310" /><testcase classname="tests.backend_test" name="test_research_shape" time="14.424" /><testcase classname="tests.backend_test" name="test_list_restaurants" time="0.239" /><testcase classname="tests.backend_test" name="test_get_restaurant" time="0.243" /><testcase classname="tests.backend_test" name="test_get_restaurant_404" time="0.174" /><testcase classname="tests.backend_test" name="test_snapshot_stream" time="7.588" /><testcase classname="tests.backend_test" name="test_chat_stream_and_continuity" time="2.959" /><testcase classname="tests.backend_test" name="test_delete_restaurant" time="0.274" /></testsuite></testsuites>