<?xml version="1.0" encoding="utf-8"?><testsuites name="pytest tests"><testsuite name="pytest" errors="0" failures="0" skipped="0" tests="14" time="81.054" timestamp="2026-09-16T13:04:01.488600+00:00" hostname="agent-env-1ef3fdc6-b9fa-40ef-82c9-f06f50a7b0a8"><testcase classname="tests.backend_test" name="test_root" time="0.343" /><testcase classname="tests.backend_test" name="test_research_shape" time="22.503" /><testcase classname="tests.backend_test" name="test_list_restaurants" time="0.258" /><testcase classname="tests.backend_test" name="test_get_restaurant" time="0.147" /><testcase classname="tests.backend_test" name="test_get_restaurant_404" time="0.224" /><testcase classname="tests.backend_test" name="test_snapshot_stream" time="6.158" /><testcase classname="tests.backend_test" name="test_chat_stream_and_continuity" time="2.712" /><testcase classname="tests.backend_test" name="test_chat_stream_terse_factuals_trigger_web_search[what my business hours-hours]" time="7.633" /><testcase classname="tests.backend_test" name="test_chat_stream_terse_factuals_trigger_web_search[whats my address and phone-address_phone]" time="12.468" /><testcase classname="tests.backend_test" name="test_chat_stream_terse_factuals_trigger_web_search[how am I rated-rating]" time="6.149" /><testcase classname="tests.backend_test" name="test_chat_stream_creative_ask_no_error" time="2.539" /><testcase classname="tests.backend_test" name="test_chat_stream_competitors_depth" time="19.067" /><testcase classname="tests.backend_test" name="test_research_returns_4plus_competitors" time="0.000" /><testcase classname="tests.backend_test" name="test_delete_restaurant" time="0.359" /></testsuite></testsuites>